<?xml version="1.0" encoding="UTF-8"?>
<!-- Generated by org.testng.reporters.JUnitReportReporter -->
<testsuite hostname="LTIN549345" failures="0" tests="2" name="Main.Tests.ErrorValidations" time="17.198" errors="0" timestamp="2025-10-13T15:44:34 IST" skipped="0">
  <testcase classname="Main.Tests.ErrorValidations" name="LoginErrorValidations" time="6.107"/>
  <testcase classname="Main.Tests.ErrorValidations" name="ProductErrorValidations" time="11.091"/>
</testsuite> <!-- Main.Tests.ErrorValidations -->
