<?xml version="1.0" encoding="UTF-8"?>
<!-- Generated by org.testng.reporters.JUnitReportReporter -->
<testsuite hostname="CPC-vijay-O8W9X" failures="0" tests="1" name="Cucumber.TestNGTestRunner" time="7.300" errors="0" timestamp="2025-10-29T15:04:19 IST" skipped="0">
  <testcase classname="Cucumber.TestNGTestRunner" name="runScenario" time="7.300"/>
</testsuite> <!-- Cucumber.TestNGTestRunner -->
