<?xml version="1.0" encoding="UTF-8"?>
<!-- Generated by org.testng.reporters.JUnitReportReporter -->
<testsuite hostname="LTIN549345" failures="0" tests="3" name="Main.Tests.SubmitOrderTest" time="28.965" errors="0" timestamp="2025-10-13T15:44:34 IST" skipped="0">
  <testcase classname="Main.Tests.SubmitOrderTest" name="SubmitOrder" time="10.969"/>
  <testcase classname="Main.Tests.SubmitOrderTest" name="OrderHistoryTest" time="8.049"/>
  <testcase classname="Main.Tests.SubmitOrderTest" name="SubmitOrder" time="9.947"/>
</testsuite> <!-- Main.Tests.SubmitOrderTest -->
