<?xml version="1.0" encoding="UTF-8"?>
<!-- Generated by org.testng.reporters.JUnitReportReporter -->
<testsuite hostname="CPC-vijay-O8W9X" failures="0" tests="3" name="Main.Tests.ErrorValidations" time="39.859" errors="0" timestamp="2025-10-29T15:19:50 IST" skipped="1">
  <testcase classname="Main.Tests.ErrorValidations" name="ProductErrorValidations" time="9.523"/>
  <testcase classname="Main.Tests.ErrorValidations" name="LoginErrorValidations" time="20.166">
    <skipped/>
  </testcase> <!-- LoginErrorValidations -->
  <testcase classname="Main.Tests.ErrorValidations" name="LoginErrorValidations" time="10.170"/>
</testsuite> <!-- Main.Tests.ErrorValidations -->
