<?xml version="1.0" encoding="UTF-8"?>
<!-- Generated by org.testng.reporters.JUnitReportReporter -->
<testsuite hostname="CPC-vijay-O8W9X" failures="0" tests="3" name="Main.Tests.SubmitOrderTest" time="37.790" errors="0" timestamp="2025-10-29T15:19:50 IST" skipped="0">
  <testcase classname="Main.Tests.SubmitOrderTest" name="SubmitOrder" time="16.087"/>
  <testcase classname="Main.Tests.SubmitOrderTest" name="SubmitOrder" time="13.088"/>
  <testcase classname="Main.Tests.SubmitOrderTest" name="OrderHistoryTest" time="8.615"/>
</testsuite> <!-- Main.Tests.SubmitOrderTest -->
